============== DAILY SYSTEM HEALTH REPORT ======================
Host:        debRed
IP Address:  192.168.0.132
Date:        2025-11-05 08:20:13
================================================================

--- UPTIME / USERS ---
 08:20:20 up 5 days, 19:36,  2 users,  load average: 0.10, 0.05, 0.00
ansbl-user sshd         2025-11-05 08:20 (192.168.0.186)
dred-user seat0        2025-11-04 15:24
dred-user tty1         2025-11-04 15:24

--- MEMORY USAGE ---
               total        used        free      shared  buff/cache   available
Mem:           967Mi       359Mi       225Mi       632Ki       535Mi       607Mi
Swap:          1.6Gi        12Ki       1.6Gi

--- DISK USAGE ---
Filesystem                   Size  Used Avail Use% Mounted on
udev                         456M     0  456M   0% /dev
tmpfs                         97M  516K   97M   1% /run
/dev/mapper/debRed--vg-root   29G  2.0G   26G   8% /
tmpfs                        484M     0  484M   0% /dev/shm
tmpfs                        1.0M     0  1.0M   0% /run/credentials/systemd-journald.service
tmpfs                        5.0M     0  5.0M   0% /run/lock
tmpfs                        484M  124K  484M   1% /tmp
/dev/sda1                    943M  197M  681M  23% /boot
tmpfs                        1.0M     0  1.0M   0% /run/credentials/getty@tty1.service
tmpfs                         97M  8.0K   97M   1% /run/user/1000
tmpfs                         97M  8.0K   97M   1% /run/user/1001

--- FAILED SERVICES ---
  UNIT            LOAD   ACTIVE SUB    DESCRIPTION
● apache2.service loaded failed failed The Apache HTTP Server

Legend: LOAD   → Reflects whether the unit definition was properly loaded.
        ACTIVE → The high-level unit activation state, i.e. generalization of SUB.
        SUB    → The low-level unit activation state, values depend on unit type.

1 loaded units listed.

--- CRITICAL LOGS (journalctl -p 3) ---
Oct 30 13:43:44 debRed systemd[1]: Failed to start apache2.service - The Apache HTTP Server.
░░ Subject: A start job for unit apache2.service has failed
░░ Defined-By: systemd
░░ Support: https://www.debian.org/support
░░ 
░░ A start job for unit apache2.service has finished with a failure.
░░ 
░░ The job identifier is 114 and the job result is failed.

--- PENDING UPDATES ---
No pending updates

--- RECENT FAILED SSH LOGINS ---
-- No entries --
