===== DAILY SYSTEM HEALTH REPORT =====
Host: 192.168.0.11
Date: 2025-11-04 18:06:25

--- UPTIME / USERS ---
 18:06:31 up 5 days,  5:18,  1 user,  load average: 0.16, 0.10, 0.08
ansbl-user sshd         2025-11-04 18:06 (192.168.0.186)

--- MEMORY USAGE ---
               total        used        free      shared  buff/cache   available
Mem:           1.9Gi       1.0Gi       227Mi       700Ki       864Mi       941Mi
Swap:          1.6Gi       3.0Mi       1.6Gi

--- DISK USAGE ---
N/A

--- FAILED SERVICES ---
  UNIT LOAD ACTIVE SUB DESCRIPTION

0 loaded units listed.

--- CRITICAL LOGS (journalctl -p 3) ---
-- No entries --

--- PENDING UPDATES ---
No pending updates

--- RECENT FAILED SSH LOGINS ---
-- No entries --

=====================================
