===== DAILY SYSTEM HEALTH REPORT =====
Host: 192.168.0.74
Date: 2025-11-04 18:06:27

--- UPTIME / USERS ---
 18:06:32 up 1 day,  2:37,  4 users,  load average: 0.01, 0.05, 0.00
ansbl-user pts/0        2025-11-04 18:06 (192.168.0.186)
dev-user3 seat0        2025-11-03 15:29
dev-user3 tty1         2025-11-03 15:29

--- MEMORY USAGE ---
               total        used        free      shared  buff/cache   available
Mem:           1.9Gi       454Mi       1.1Gi       5.0Mi       553Mi       1.5Gi
Swap:          1.9Gi          0B       1.9Gi

--- DISK USAGE ---
N/A

--- FAILED SERVICES ---
  UNIT LOAD ACTIVE SUB DESCRIPTION

0 loaded units listed.

--- CRITICAL LOGS (journalctl -p 3) ---
-- No entries --

--- PENDING UPDATES ---
No pending updates

--- RECENT FAILED SSH LOGINS ---
-- No entries --

=====================================
