===== DAILY SYSTEM HEALTH REPORT =====
Host: 192.168.0.11
Date: 2025-11-04 18:06:25

--- UPTIME / USERS ---
 18:06:31 up 5 days,  5:18,  1 user,  load average: 0.16, 0.10, 0.08
ansbl-user sshd         2025-11-04 18:06 (192.168.0.186)

--- MEMORY USAGE ---
               total        used        free      shared  buff/cache   available
Mem:           1.9Gi       1.0Gi       227Mi       700Ki       864Mi       941Mi
Swap:          1.6Gi       3.0Mi       1.6Gi

--- DISK USAGE ---
N/A

--- FAILED SERVICES ---
  UNIT LOAD ACTIVE SUB DESCRIPTION

0 loaded units listed.

--- CRITICAL LOGS (journalctl -p 3) ---
-- No entries --

--- PENDING UPDATES ---
No pending updates

--- RECENT FAILED SSH LOGINS ---
-- No entries --

=====================================
===== DAILY SYSTEM HEALTH REPORT =====
Host: 192.168.0.12
Date: 2025-11-04 18:06:27

--- UPTIME / USERS ---
 18:06:32 up 5 days,  5:17,  1 user,  load average: 0.00, 0.03, 0.00
ansbl-user sshd         2025-11-04 18:06 (192.168.0.186)

--- MEMORY USAGE ---
               total        used        free      shared  buff/cache   available
Mem:           1.9Gi       890Mi       474Mi       732Ki       755Mi       1.1Gi
Swap:          1.6Gi          0B       1.6Gi

--- DISK USAGE ---
N/A

--- FAILED SERVICES ---
  UNIT LOAD ACTIVE SUB DESCRIPTION

0 loaded units listed.

--- CRITICAL LOGS (journalctl -p 3) ---
-- No entries --

--- PENDING UPDATES ---
No pending updates

--- RECENT FAILED SSH LOGINS ---
-- No entries --

=====================================
===== DAILY SYSTEM HEALTH REPORT =====
Host: 192.168.0.132
Date: 2025-11-04 18:06:23

--- UPTIME / USERS ---
 18:06:31 up 5 days,  5:23,  2 users,  load average: 0.00, 0.02, 0.00
ansbl-user sshd         2025-11-04 18:06 (192.168.0.186)
dred-user seat0        2025-11-04 15:24
dred-user tty1         2025-11-04 15:24

--- MEMORY USAGE ---
               total        used        free      shared  buff/cache   available
Mem:           967Mi       351Mi       179Mi       632Ki       590Mi       615Mi
Swap:          1.6Gi        12Ki       1.6Gi

--- DISK USAGE ---
N/A

--- FAILED SERVICES ---
  UNIT            LOAD   ACTIVE SUB    DESCRIPTION
● apache2.service loaded failed failed The Apache HTTP Server

Legend: LOAD   → Reflects whether the unit definition was properly loaded.
        ACTIVE → The high-level unit activation state, i.e. generalization of SUB.
        SUB    → The low-level unit activation state, values depend on unit type.

1 loaded units listed.

--- CRITICAL LOGS (journalctl -p 3) ---
Oct 30 13:43:44 debRed systemd[1]: Failed to start apache2.service - The Apache HTTP Server.
░░ Subject: A start job for unit apache2.service has failed
░░ Defined-By: systemd
░░ Support: https://www.debian.org/support
░░ 
░░ A start job for unit apache2.service has finished with a failure.
░░ 
░░ The job identifier is 114 and the job result is failed.

--- PENDING UPDATES ---
No pending updates

--- RECENT FAILED SSH LOGINS ---
-- No entries --

=====================================
===== DAILY SYSTEM HEALTH REPORT =====
Host: 192.168.0.172
Date: 2025-11-04 18:06:26

--- UPTIME / USERS ---
 18:06:31 up 5 days,  5:17,  1 user,  load average: 0.01, 0.03, 0.00
ansbl-user sshd         2025-11-04 18:06 (192.168.0.186)

--- MEMORY USAGE ---
               total        used        free      shared  buff/cache   available
Mem:           1.9Gi       844Mi       511Mi       732Ki       765Mi       1.1Gi
Swap:          1.6Gi          0B       1.6Gi

--- DISK USAGE ---
N/A

--- FAILED SERVICES ---
  UNIT LOAD ACTIVE SUB DESCRIPTION

0 loaded units listed.

--- CRITICAL LOGS (journalctl -p 3) ---
-- No entries --

--- PENDING UPDATES ---
No pending updates

--- RECENT FAILED SSH LOGINS ---
-- No entries --

=====================================
===== DAILY SYSTEM HEALTH REPORT =====
Host: 192.168.0.195
Date: 2025-11-04 18:06:24

--- UPTIME / USERS ---
 18:06:31 up 5 days,  5:20,  1 user,  load average: 0.00, 0.02, 0.00
ansbl-user pts/0        2025-11-04 18:06 (192.168.0.186)
ansbl-user pts/1        2025-11-04 18:06 (192.168.0.186)

--- MEMORY USAGE ---
               total        used        free      shared  buff/cache   available
Mem:           3.8Gi       964Mi       1.7Gi       3.6Mi       1.4Gi       2.9Gi
Swap:             0B          0B          0B

--- DISK USAGE ---
N/A

--- FAILED SERVICES ---
  UNIT LOAD ACTIVE SUB DESCRIPTION

0 loaded units listed.

--- CRITICAL LOGS (journalctl -p 3) ---
Oct 31 08:59:20 shire login[8771]: PAM unable to dlopen(pam_lastlog.so): /usr/lib/security/pam_lastlog.so: cannot open shared object file: No such file or directory
Oct 31 08:59:20 shire login[8771]: PAM adding faulty module: pam_lastlog.so
Oct 31 09:24:39 shire login[8996]: PAM unable to dlopen(pam_lastlog.so): /usr/lib/security/pam_lastlog.so: cannot open shared object file: No such file or directory
Oct 31 09:24:39 shire login[8996]: PAM adding faulty module: pam_lastlog.so

--- PENDING UPDATES ---
No pending updates

--- RECENT FAILED SSH LOGINS ---
-- No entries --

=====================================
===== DAILY SYSTEM HEALTH REPORT =====
Host: 192.168.0.74
Date: 2025-11-04 18:06:27

--- UPTIME / USERS ---
 18:06:32 up 1 day,  2:37,  4 users,  load average: 0.01, 0.05, 0.00
ansbl-user pts/0        2025-11-04 18:06 (192.168.0.186)
dev-user3 seat0        2025-11-03 15:29
dev-user3 tty1         2025-11-03 15:29

--- MEMORY USAGE ---
               total        used        free      shared  buff/cache   available
Mem:           1.9Gi       454Mi       1.1Gi       5.0Mi       553Mi       1.5Gi
Swap:          1.9Gi          0B       1.9Gi

--- DISK USAGE ---
N/A

--- FAILED SERVICES ---
  UNIT LOAD ACTIVE SUB DESCRIPTION

0 loaded units listed.

--- CRITICAL LOGS (journalctl -p 3) ---
-- No entries --

--- PENDING UPDATES ---
No pending updates

--- RECENT FAILED SSH LOGINS ---
-- No entries --

=====================================
===== DAILY SYSTEM HEALTH REPORT =====
Host: 192.168.0.8
Date: 2025-11-04 18:06:27

--- UPTIME / USERS ---
 18:06:32 up 4 days,  9:51,  2 users,  load average: 0.00, 0.00, 0.00
ansbl-user sshd         2025-11-04 18:06 (192.168.0.186)
dev-user seat0        2025-10-31 09:14
dev-user tty1         2025-10-31 09:14

--- MEMORY USAGE ---
               total        used        free      shared  buff/cache   available
Mem:           967Mi       329Mi       256Mi       636Ki       523Mi       638Mi
Swap:          1.6Gi          0B       1.6Gi

--- DISK USAGE ---
N/A

--- FAILED SERVICES ---
  UNIT LOAD ACTIVE SUB DESCRIPTION

0 loaded units listed.

--- CRITICAL LOGS (journalctl -p 3) ---
-- No entries --

--- PENDING UPDATES ---
No pending updates

--- RECENT FAILED SSH LOGINS ---
-- No entries --

=====================================
