===== DAILY SYSTEM HEALTH REPORT =====
Host: 192.168.0.8
Date: 2025-11-04 18:06:27

--- UPTIME / USERS ---
 18:06:32 up 4 days,  9:51,  2 users,  load average: 0.00, 0.00, 0.00
ansbl-user sshd         2025-11-04 18:06 (192.168.0.186)
dev-user seat0        2025-10-31 09:14
dev-user tty1         2025-10-31 09:14

--- MEMORY USAGE ---
               total        used        free      shared  buff/cache   available
Mem:           967Mi       329Mi       256Mi       636Ki       523Mi       638Mi
Swap:          1.6Gi          0B       1.6Gi

--- DISK USAGE ---
N/A

--- FAILED SERVICES ---
  UNIT LOAD ACTIVE SUB DESCRIPTION

0 loaded units listed.

--- CRITICAL LOGS (journalctl -p 3) ---
-- No entries --

--- PENDING UPDATES ---
No pending updates

--- RECENT FAILED SSH LOGINS ---
-- No entries --

=====================================
