===== DAILY SYSTEM HEALTH REPORT =====
Host: 192.168.0.168
Date: 2025-11-05 01:06:26

--- UPTIME / USERS ---
 01:06:31 up 5 days,  5:18,  1 user,  load average: 0.11, 0.12, 0.14
ansbl-user pts/0        2025-11-05 01:06 (192.168.0.186)
ansbl-user pts/1        2025-11-05 01:06 (192.168.0.186)

--- MEMORY USAGE ---
               total        used        free      shared  buff/cache   available
Mem:           2.9Gi       1.5Gi       274Mi       2.9Mi       1.3Gi       1.4Gi
Swap:             0B          0B          0B

--- DISK USAGE ---
N/A

--- FAILED SERVICES ---
  UNIT LOAD ACTIVE SUB DESCRIPTION

0 loaded units listed.

--- CRITICAL LOGS (journalctl -p 3) ---
-- No entries --

--- PENDING UPDATES ---
No pending updates

--- RECENT FAILED SSH LOGINS ---
-- No entries --

=====================================
