===== DAILY SYSTEM HEALTH REPORT =====
Host: 192.168.0.108
Date: 2025-11-05 01:06:26

--- UPTIME / USERS ---
 01:06:31 up 5 days,  5:19,  1 user,  load average: 0.05, 0.06, 0.02
ansbl-user pts/0        2025-11-05 01:06 (192.168.0.186)
ansbl-user pts/1        2025-11-05 01:06 (192.168.0.186)

--- MEMORY USAGE ---
               total        used        free      shared  buff/cache   available
Mem:           961Mi       322Mi       250Mi       996Ki       541Mi       639Mi
Swap:          2.0Gi        12Ki       2.0Gi

--- DISK USAGE ---
N/A

--- FAILED SERVICES ---
  UNIT LOAD ACTIVE SUB DESCRIPTION

0 loaded units listed.

--- CRITICAL LOGS (journalctl -p 3) ---
-- No entries --

--- PENDING UPDATES ---
No pending updates

--- RECENT FAILED SSH LOGINS ---
-- No entries --

=====================================
