===== DAILY SYSTEM HEALTH REPORT =====
Host: 192.168.0.195
Date: 2025-11-04 18:06:24

--- UPTIME / USERS ---
 18:06:31 up 5 days,  5:20,  1 user,  load average: 0.00, 0.02, 0.00
ansbl-user pts/0        2025-11-04 18:06 (192.168.0.186)
ansbl-user pts/1        2025-11-04 18:06 (192.168.0.186)

--- MEMORY USAGE ---
               total        used        free      shared  buff/cache   available
Mem:           3.8Gi       964Mi       1.7Gi       3.6Mi       1.4Gi       2.9Gi
Swap:             0B          0B          0B

--- DISK USAGE ---
N/A

--- FAILED SERVICES ---
  UNIT LOAD ACTIVE SUB DESCRIPTION

0 loaded units listed.

--- CRITICAL LOGS (journalctl -p 3) ---
Oct 31 08:59:20 shire login[8771]: PAM unable to dlopen(pam_lastlog.so): /usr/lib/security/pam_lastlog.so: cannot open shared object file: No such file or directory
Oct 31 08:59:20 shire login[8771]: PAM adding faulty module: pam_lastlog.so
Oct 31 09:24:39 shire login[8996]: PAM unable to dlopen(pam_lastlog.so): /usr/lib/security/pam_lastlog.so: cannot open shared object file: No such file or directory
Oct 31 09:24:39 shire login[8996]: PAM adding faulty module: pam_lastlog.so

--- PENDING UPDATES ---
No pending updates

--- RECENT FAILED SSH LOGINS ---
-- No entries --

=====================================
