===== DAILY SYSTEM HEALTH REPORT =====
Host: 192.168.0.137
Date: 2025-11-05 01:06:24

--- UPTIME / USERS ---
 01:06:31 up 5 days,  5:22,  1 user,  load average: 0.01, 0.03, 0.00
ansbl-user pts/0        2025-11-05 01:06 (192.168.0.186)
ansbl-user pts/1        2025-11-05 01:06 (192.168.0.186)

--- MEMORY USAGE ---
               total        used        free      shared  buff/cache   available
Mem:           961Mi       405Mi        88Mi       504Ki       621Mi       555Mi
Swap:          2.0Gi        94Mi       1.9Gi

--- DISK USAGE ---
N/A

--- FAILED SERVICES ---
  UNIT LOAD ACTIVE SUB DESCRIPTION

0 loaded units listed.

--- CRITICAL LOGS (journalctl -p 3) ---
-- No entries --

--- PENDING UPDATES ---
No pending updates

--- RECENT FAILED SSH LOGINS ---
-- No entries --

=====================================
